<?xml version="1.0" encoding="UTF-8"?>
<!-- Generated by org.testng.reporters.JUnitXMLReporter -->
<testsuite hostname="DESKTOP-ASB5QBL" ignored="0" name="Default test" tests="4" failures="0" timestamp="18 Aug 2023 00:50:57 GMT" time="73.516" errors="0">
  <testcase name="orgEmpReg" time="5.183" classname="testNG1.EmpRegTest_TestNG"/>
  <testcase name="orgEmpReg" time="5.789" classname="testNG1.EmpRegTest_TestNG"/>
  <testcase name="orgEmpReg" time="6.217" classname="testNG1.EmpRegTest_TestNG"/>
  <testcase name="orgEmpReg" time="6.936" classname="testNG1.EmpRegTest_TestNG"/>
</testsuite> <!-- Default test -->
